Your overall score for this assignment is 3.94 out of 10.00


The code you submitted did not pass all of our tests: your submission achieved a score of
3.94 out of 10.00 in our tests.

In order to find bugs in your code, we advise to perform the following steps:
 - Take a close look at the test output that you can find below: it should point you to
   the part of your code that has bugs.
 - Run the tests that we provide with the handout on your code.
 - The tests we provide do not test your code in depth: they are very incomplete. In order
   to test more aspects of your code, write your own unit tests.
 - Take another very careful look at the assignment description. Try to find out if you
   misunderstood parts of it. While reading through the assignment, write more tests.

Below you can find a short feedback for every individual test that failed.

======== LOG OF FAILED TESTS ========
Your solution achieved a testing score of 26 out of 66.

Below you can see a short feedback for every test that failed,
indicating the reason for the test failure and how many points
you lost for each individual test.

Tests that were aborted took too long too complete or crashed the
JVM. Such crashes can arise due to infinite non-terminating
loops or recursion (StackOverflowException) or excessive memory
consumption (OutOfMemoryException).

[Test Description] 'clusterResults' running just 1 iteration on the sampled stackoverflow dataset should return correct result
[Observed Error] 'clusterResults' missed an element: Some((Ruby,100,108,39)) was not empty
[Lost Points] 10

[Test Description] 'kmeans' running on the sampled stackoverflow dataset should return correct centroids
[Observed Error] assertion failed
[exception was thrown] detailed error message in debug output section below
[Lost Points] 10

[Test Description] 'kmeans' running just 1 iteration on the sampled stackoverflow dataset should return correct centroids
[Observed Error] assertion failed
[exception was thrown] detailed error message in debug output section below
[Lost Points] 10

[Test Description] 'clusterResults' running on the sampled stackoverflow dataset should return correct result
[Observed Error] 'clusterResults' missed an element: Some((PHP,100,160,34)) was not empty
[Lost Points] 10

======== TESTING ENVIRONMENT ========
Limits: memory: 1540m,  total time: 900s,  per test case time: 240s

======== DEBUG OUTPUT OF TESTING TOOL ========
Using Spark's default log4j profile: org/apache/spark/log4j-defaults.properties
17/03/20 18:32:48 WARN NativeCodeLoader: Unable to load native-hadoop library for your platform... using builtin-java classes where applicable
Available memory: 1435 MB
17/03/20 18:32:52 INFO FileInputFormat: Total input paths to process : 1
17/03/20 18:32:52 INFO deprecation: mapred.tip.id is deprecated. Instead, use mapreduce.task.id
17/03/20 18:32:52 INFO deprecation: mapred.task.id is deprecated. Instead, use mapreduce.task.attempt.id
17/03/20 18:32:52 INFO deprecation: mapred.task.is.map is deprecated. Instead, use mapreduce.task.ismap
17/03/20 18:32:52 INFO deprecation: mapred.task.partition is deprecated. Instead, use mapreduce.task.partition
17/03/20 18:32:52 INFO deprecation: mapred.job.id is deprecated. Instead, use mapreduce.job.id

[Stage 16:>                 (0 + 1) / 3][Stage 17:>                 (0 + 0) / 3]
[Stage 16:======>           (1 + 1) / 3][Stage 17:>                 (0 + 0) / 3]
[Stage 16:============>     (2 + 1) / 3][Stage 17:>                 (0 + 0) / 3]
[Stage 17:>                                                         (0 + 1) / 3]
[Stage 17:===================>                                      (1 + 1) / 3]
[Stage 17:======================================>                   (2 + 1) / 3]
[Stage 18:>                                                         (0 + 1) / 3]
[Stage 18:===================>                                      (1 + 1) / 3]
[Stage 18:======================================>                   (2 + 1) / 3]17/03/20 18:33:34 WARN Executor: Managed memory leak detected; size = 370967750 bytes, TID = 21


[test failure log] test name: StackOverflowSuite::'kmeans' running just 1 iteration on the sampled stackoverflow dataset should return correct centroids::10
java.lang.AssertionError: assertion failed
scala.Predef$.assert(Predef.scala:156)
stackoverflow.StackOverflow.euclideanDistance(StackOverflow.scala:240)
stackoverflow.StackOverflow.kmeans(StackOverflow.scala:195)
stackoverflow.StackOverflowSuite$$anonfun$6.apply$mcV$sp(StackOverflowSuite.scala:168)
ch.epfl.lamp.grading.GradingSuite$$anonfun$test$1.apply$mcV$sp(GradingSuite.scala:118)
ch.epfl.lamp.grading.GradingSuite$$anonfun$test$1.apply(GradingSuite.scala:117)
ch.epfl.lamp.grading.GradingSuite$$anonfun$test$1.apply(GradingSuite.scala:117)
org.scalatest.Transformer$$anonfun$apply$1.apply$mcV$sp(Transformer.scala:22)
org.scalatest.OutcomeOf$class.outcomeOf(OutcomeOf.scala:85)
org.scalatest.OutcomeOf$.outcomeOf(OutcomeOf.scala:104)
org.scalatest.Transformer.apply(Transformer.scala:22)
org.scalatest.Transformer.apply(Transformer.scala:20)
org.scalatest.FunSuiteLike$$anon$1.apply(FunSuiteLike.scala:166)
org.scalatest.Suite$class.withFixture(Suite.scala:1122)
org.scalatest.FunSuite.withFixture(FunSuite.scala:1555)
org.scalatest.FunSuiteLike$class.invokeWithFixture$1(FunSuiteLike.scala:163)
org.scalatest.FunSuiteLike$$anonfun$runTest$1.apply(FunSuiteLike.scala:175)
org.scalatest.FunSuiteLike$$anonfun$runTest$1.apply(FunSuiteLike.scala:175)
org.scalatest.SuperEngine.runTestImpl(Engine.scala:306)
org.scalatest.FunSuiteLike$class.runTest(FunSuiteLike.scala:175)
org.scalatest.FunSuite.runTest(FunSuite.scala:1555)
org.scalatest.FunSuiteLike$$anonfun$runTests$1.apply(FunSuiteLike.scala:208)
org.scalatest.FunSuiteLike$$anonfun$runTests$1.apply(FunSuiteLike.scala:208)
org.scalatest.SuperEngine$$anonfun$traverseSubNodes$1$1.apply(Engine.scala:413)
org.scalatest.SuperEngine$$anonfun$traverseSubNodes$1$1.apply(Engine.scala:401)


[test failure log] test name: StackOverflowSuite::'kmeans' running on the sampled stackoverflow dataset should return correct centroids::10
java.lang.AssertionError: assertion failed
scala.Predef$.assert(Predef.scala:156)
stackoverflow.StackOverflow.euclideanDistance(StackOverflow.scala:240)
stackoverflow.StackOverflow.kmeans(StackOverflow.scala:195)
stackoverflow.StackOverflowSuite$$anonfun$8.apply$mcV$sp(StackOverflowSuite.scala:184)
ch.epfl.lamp.grading.GradingSuite$$anonfun$test$1.apply$mcV$sp(GradingSuite.scala:118)
ch.epfl.lamp.grading.GradingSuite$$anonfun$test$1.apply(GradingSuite.scala:117)
ch.epfl.lamp.grading.GradingSuite$$anonfun$test$1.apply(GradingSuite.scala:117)
org.scalatest.Transformer$$anonfun$apply$1.apply$mcV$sp(Transformer.scala:22)
org.scalatest.OutcomeOf$class.outcomeOf(OutcomeOf.scala:85)
org.scalatest.OutcomeOf$.outcomeOf(OutcomeOf.scala:104)
org.scalatest.Transformer.apply(Transformer.scala:22)
org.scalatest.Transformer.apply(Transformer.scala:20)
org.scalatest.FunSuiteLike$$anon$1.apply(FunSuiteLike.scala:166)
org.scalatest.Suite$class.withFixture(Suite.scala:1122)
org.scalatest.FunSuite.withFixture(FunSuite.scala:1555)
org.scalatest.FunSuiteLike$class.invokeWithFixture$1(FunSuiteLike.scala:163)
org.scalatest.FunSuiteLike$$anonfun$runTest$1.apply(FunSuiteLike.scala:175)
org.scalatest.FunSuiteLike$$anonfun$runTest$1.apply(FunSuiteLike.scala:175)
org.scalatest.SuperEngine.runTestImpl(Engine.scala:306)
org.scalatest.FunSuiteLike$class.runTest(FunSuiteLike.scala:175)
org.scalatest.FunSuite.runTest(FunSuite.scala:1555)
org.scalatest.FunSuiteLike$$anonfun$runTests$1.apply(FunSuiteLike.scala:208)
org.scalatest.FunSuiteLike$$anonfun$runTests$1.apply(FunSuiteLike.scala:208)
org.scalatest.SuperEngine$$anonfun$traverseSubNodes$1$1.apply(Engine.scala:413)
org.scalatest.SuperEngine$$anonfun$traverseSubNodes$1$1.apply(Engine.scala:401)